<?xml version="1.0" encoding="UTF-8"?>
<!-- Generated by org.testng.reporters.JUnitReportReporter -->
<testsuite hostname="deeapaksharma15" failures="0" tests="5" name="com.nagpassignment.flipkart.uitestcases.SearchPageTest" time="368.544" errors="0" timestamp="2023-07-03T17:21:53 IST" skipped="0">
  <testcase classname="com.nagpassignment.flipkart.uitestcases.SearchPageTest" name="verifyNoBrokenImages" time="9.159"/>
  <system-out/>
  <testcase classname="com.nagpassignment.flipkart.uitestcases.SearchPageTest" name="verifyPriceFilter" time="38.908"/>
  <system-out/>
  <testcase classname="com.nagpassignment.flipkart.uitestcases.SearchPageTest" name="verifySearchPageElements" time="29.494"/>
  <system-out/>
  <testcase classname="com.nagpassignment.flipkart.uitestcases.SearchPageTest" name="verifyNoBrokenLinks" time="264.241"/>
  <system-out/>
  <testcase classname="com.nagpassignment.flipkart.uitestcases.SearchPageTest" name="verifySortFunctionality" time="26.742"/>
  <system-out/>
</testsuite> <!-- com.nagpassignment.flipkart.uitestcases.SearchPageTest -->
