<?xml version="1.0" encoding="UTF-8"?>
<!-- Generated by org.testng.reporters.JUnitReportReporter -->
<testsuite hostname="deeapaksharma15" failures="0" tests="3" name="com.nagpassignment.flipkart.uitestcases.HomePageTest" time="93.133" errors="0" timestamp="2023-07-03T13:30:55 IST" skipped="2">
  <testcase classname="com.nagpassignment.flipkart.uitestcases.HomePageTest" name="verifySearchFunctionality" time="47.251">
    <skipped/>
  </testcase> <!-- verifySearchFunctionality -->
  <system-out/>
  <testcase classname="com.nagpassignment.flipkart.uitestcases.HomePageTest" name="verifySearchFunctionality" time="22.397">
    <skipped/>
  </testcase> <!-- verifySearchFunctionality -->
  <system-out/>
  <testcase classname="com.nagpassignment.flipkart.uitestcases.HomePageTest" name="verifySearchFunctionality" time="23.485"/>
  <system-out/>
</testsuite> <!-- com.nagpassignment.flipkart.uitestcases.HomePageTest -->
