<?xml version="1.0" encoding="UTF-8"?>
<!-- Generated by org.testng.reporters.JUnitReportReporter -->
<testsuite hostname="deeapaksharma15" failures="0" tests="5" name="com.nagpassignment.flipkart.uitestcases.CartPageTest" time="316.829" errors="0" timestamp="2023-07-04T19:57:35 IST" skipped="0">
  <testcase classname="com.nagpassignment.flipkart.uitestcases.CartPageTest" name="verifyCorrectItemsInCart" time="35.277"/>
  <system-out/>
  <testcase classname="com.nagpassignment.flipkart.uitestcases.CartPageTest" name="verifyToatalPriceIsCorrect" time="19.421"/>
  <system-out/>
  <testcase classname="com.nagpassignment.flipkart.uitestcases.CartPageTest" name="verifyRemoveFromCart" time="13.004"/>
  <system-out/>
  <testcase classname="com.nagpassignment.flipkart.uitestcases.CartPageTest" name="verifyNoBrokenImages" time="8.538"/>
  <system-out/>
  <testcase classname="com.nagpassignment.flipkart.uitestcases.CartPageTest" name="verifyNoBrokenLinks" time="240.589"/>
  <system-out/>
</testsuite> <!-- com.nagpassignment.flipkart.uitestcases.CartPageTest -->
