<?xml version="1.0" encoding="UTF-8"?>
<!-- Generated by org.testng.reporters.JUnitReportReporter -->
<testsuite hostname="deeapaksharma15" failures="0" tests="3" name="com.nagpassignment.flipkart.uitestcases.ProductDetailTest" time="105.756" errors="0" timestamp="2023-07-05T11:07:09 IST" skipped="1">
  <testcase classname="com.nagpassignment.flipkart.uitestcases.ProductDetailTest" name="VerifyCorrectRatesAfterDiscount" time="51.927">
    <skipped/>
  </testcase> <!-- VerifyCorrectRatesAfterDiscount -->
  <system-out/>
  <testcase classname="com.nagpassignment.flipkart.uitestcases.ProductDetailTest" name="VerifyCorrectRatesAfterDiscount" time="19.346"/>
  <system-out/>
  <testcase classname="com.nagpassignment.flipkart.uitestcases.ProductDetailTest" name="VerifyCorrectRatesAfterDiscount" time="34.483"/>
  <system-out/>
</testsuite> <!-- com.nagpassignment.flipkart.uitestcases.ProductDetailTest -->
