<?xml version="1.0" encoding="UTF-8"?>
<!-- Generated by org.testng.reporters.JUnitReportReporter -->
<testsuite hostname="deeapaksharma15" failures="0" tests="3" name="com.nagpassignment.flipkart.uitestcases.ProductDetailTest" time="55.318" errors="0" timestamp="2023-08-01T12:55:31 IST" skipped="1">
  <testcase classname="com.nagpassignment.flipkart.uitestcases.ProductDetailTest" name="VerifyCorrectRatesAfterDiscount" time="15.219"/>
  <system-out/>
  <testcase classname="com.nagpassignment.flipkart.uitestcases.ProductDetailTest" name="VerifyCorrectRatesAfterDiscount" time="28.179"/>
  <system-out/>
  <testcase classname="com.nagpassignment.flipkart.uitestcases.ProductDetailTest" name="VerifyCorrectRatesAfterDiscount" time="11.920">
    <skipped/>
  </testcase> <!-- VerifyCorrectRatesAfterDiscount -->
  <system-out/>
</testsuite> <!-- com.nagpassignment.flipkart.uitestcases.ProductDetailTest -->
