<?xml version="1.0" encoding="UTF-8"?>
<!-- Generated by org.testng.reporters.JUnitReportReporter -->
<testsuite hostname="deeapaksharma15" failures="0" tests="1" name="com.nagpassignment.flipkart.uitestcases.ProductDetailTest" time="11.968" errors="0" timestamp="2023-07-02T15:07:51 IST" skipped="0">
  <testcase classname="com.nagpassignment.flipkart.uitestcases.ProductDetailTest" name="verifyNoBrokenImages" time="11.968"/>
  <system-out/>
</testsuite> <!-- com.nagpassignment.flipkart.uitestcases.ProductDetailTest -->
