<?xml version="1.0" encoding="UTF-8"?>
<!-- Generated by org.testng.reporters.JUnitReportReporter -->
<testsuite hostname="deeapaksharma15" failures="0" tests="2" name="com.nagpassignment.flipkart.uitestcases.ProductDetailTest" time="65.436" errors="0" timestamp="2023-07-24T19:01:27 IST" skipped="0">
  <testcase classname="com.nagpassignment.flipkart.uitestcases.ProductDetailTest" name="VerifyCorrectRatesAfterDiscount" time="14.310"/>
  <system-out/>
  <testcase classname="com.nagpassignment.flipkart.uitestcases.ProductDetailTest" name="VerifyCorrectRatesAfterDiscount" time="51.126"/>
  <system-out/>
</testsuite> <!-- com.nagpassignment.flipkart.uitestcases.ProductDetailTest -->
